{"devicePlatform":"","logFolder":"C:\\Users\\narot\\Katalon Studio\\katalan_demo\\Reports\\LoginTest1\\20180904_074022","runData":{"hostName":"narot - LAPTOP-A054LH39","hostAddress":"192.168.0.102","os":"Windows 10 64bit","katalonVersion":"5.6.0.1"},"type":"TEST_SUITE","name":"LoginTest1","id":"Test Suites/LoginTest1","source":"","message":"Test Cases/LoginTest FAILED because (of) org.codehaus.groovy.control.MultipleCompilationErrorsException: startup failed:\r\nfile:/C:/Users/narot/Katalon%20Studio/katalan_demo/Scripts/LoginTest/Script1535276075630.groovy: 22: unable to resolve class InternalData \n @ line 22, column 14.\r\n   InternalData data \u003d findTestData(\"login_data\")\r\n                ^\r\n\r\n1 error\r\n","description":"","startTime":1536027025155,"endTime":1536027025911,"childRecords":[{"isOptional":false,"type":"TEST_CASE","name":"Test Cases/LoginTest","id":"Test Cases/LoginTest","source":"C:\\\\Users\\\\narot\\\\Katalon Studio\\\\katalan_demo\\\\Test Cases\\\\LoginTest.tc","message":"Test Cases/LoginTest FAILED because (of) org.codehaus.groovy.control.MultipleCompilationErrorsException: startup failed:\r\nfile:/C:/Users/narot/Katalon%20Studio/katalan_demo/Scripts/LoginTest/Script1535276075630.groovy: 22: unable to resolve class InternalData \n @ line 22, column 14.\r\n   InternalData data \u003d findTestData(\"login_data\")\r\n                ^\r\n\r\n1 error\r\n","description":"","startTime":1536027025471,"endTime":1536027025685,"childRecords":[{"testStatus":{"stackTrace":"","statusValue":"INFO"},"type":"MESSAGE","name":"","message":"Evaluating variables for test case","startTime":1536027025492,"endTime":0,"childRecords":[],"interuppted":false},{"testStatus":{"stackTrace":"","statusValue":"INFO"},"type":"MESSAGE","name":"","message":"Variable \u0027username\u0027 is set to test","startTime":1536027025494,"endTime":0,"childRecords":[],"interuppted":false},{"testStatus":{"stackTrace":"","statusValue":"INFO"},"type":"MESSAGE","name":"","message":"Variable \u0027password\u0027 is set to testp","startTime":1536027025494,"endTime":0,"childRecords":[],"interuppted":false},{"testStatus":{"stackTrace":"","statusValue":"ERROR"},"type":"MESSAGE","name":"","message":"Test Cases/LoginTest FAILED because (of) org.codehaus.groovy.control.MultipleCompilationErrorsException: startup failed:\r\nfile:/C:/Users/narot/Katalon%20Studio/katalan_demo/Scripts/LoginTest/Script1535276075630.groovy: 22: unable to resolve class InternalData \n @ line 22, column 14.\r\n   InternalData data \u003d findTestData(\"login_data\")\r\n                ^\r\n\r\n1 error\r\n","startTime":1536027025683,"endTime":0,"childRecords":[],"interuppted":false}],"interuppted":false},{"isOptional":false,"type":"TEST_CASE","name":"Test Cases/LoginTest","id":"Test Cases/LoginTest","source":"C:\\\\Users\\\\narot\\\\Katalon Studio\\\\katalan_demo\\\\Test Cases\\\\LoginTest.tc","message":"Test Cases/LoginTest FAILED because (of) org.codehaus.groovy.control.MultipleCompilationErrorsException: startup failed:\r\nfile:/C:/Users/narot/Katalon%20Studio/katalan_demo/Scripts/LoginTest/Script1535276075630.groovy: 22: unable to resolve class InternalData \n @ line 22, column 14.\r\n   InternalData data \u003d findTestData(\"login_data\")\r\n                ^\r\n\r\n1 error\r\n","description":"","startTime":1536027025688,"endTime":1536027025807,"childRecords":[{"testStatus":{"stackTrace":"","statusValue":"INFO"},"type":"MESSAGE","name":"","message":"Evaluating variables for test case","startTime":1536027025698,"endTime":0,"childRecords":[],"interuppted":false},{"testStatus":{"stackTrace":"","statusValue":"INFO"},"type":"MESSAGE","name":"","message":"Variable \u0027username\u0027 is set to testu","startTime":1536027025699,"endTime":0,"childRecords":[],"interuppted":false},{"testStatus":{"stackTrace":"","statusValue":"INFO"},"type":"MESSAGE","name":"","message":"Variable \u0027password\u0027 is set to testp2","startTime":1536027025699,"endTime":0,"childRecords":[],"interuppted":false},{"testStatus":{"stackTrace":"","statusValue":"ERROR"},"type":"MESSAGE","name":"","message":"Test Cases/LoginTest FAILED because (of) org.codehaus.groovy.control.MultipleCompilationErrorsException: startup failed:\r\nfile:/C:/Users/narot/Katalon%20Studio/katalan_demo/Scripts/LoginTest/Script1535276075630.groovy: 22: unable to resolve class InternalData \n @ line 22, column 14.\r\n   InternalData data \u003d findTestData(\"login_data\")\r\n                ^\r\n\r\n1 error\r\n","startTime":1536027025805,"endTime":0,"childRecords":[],"interuppted":false}],"interuppted":false}],"interuppted":false}